{
  "RSpec": {
    "coverage": {
      "/home/toasty/Documents/programming/ruby/ruby_on_rails/villagecraft/app/models/user.rb": [
        1,
        null,
        null,
        null,
        1,
        null,
        null,
        null,
        1,
        null,
        1,
        1,
        1,
        1,
        null,
        null,
        null,
        1,
        null,
        1,
        1,
        null,
        1,
        66,
        null,
        null
      ],
      "/home/toasty/Documents/programming/ruby/ruby_on_rails/villagecraft/app/controllers/application_controller.rb": [
        1,
        1,
        null,
        1,
        0,
        0,
        0,
        null,
        null,
        null,
        null
      ],
      "/home/toasty/Documents/programming/ruby/ruby_on_rails/villagecraft/app/helpers/application_helper.rb": [
        1,
        null
      ],
      "/home/toasty/Documents/programming/ruby/ruby_on_rails/villagecraft/app/helpers/events_helper.rb": [
        1,
        null
      ],
      "/home/toasty/Documents/programming/ruby/ruby_on_rails/villagecraft/app/helpers/pages_helper.rb": [
        1,
        null
      ],
      "/home/toasty/Documents/programming/ruby/ruby_on_rails/villagecraft/app/helpers/users_helper.rb": [
        1,
        null
      ],
      "/home/toasty/Documents/programming/ruby/ruby_on_rails/villagecraft/app/controllers/events_controller.rb": [
        1,
        1,
        1,
        null,
        null,
        null,
        null,
        null,
        null,
        null,
        null,
        1,
        8,
        8,
        8,
        8,
        null,
        null,
        null,
        1,
        0,
        null,
        0,
        0,
        0,
        null,
        null,
        null,
        null,
        null,
        1,
        10,
        10,
        10,
        null,
        null,
        null,
        null,
        null,
        1,
        3,
        3,
        null,
        3,
        3,
        3,
        null,
        null,
        null,
        null,
        1,
        null,
        null,
        null,
        null,
        1,
        3,
        3,
        null,
        3,
        3,
        2,
        1,
        null,
        4,
        2,
        null,
        null,
        null,
        null,
        null,
        null,
        1,
        3,
        3,
        2,
        1,
        null,
        4,
        2,
        null,
        null,
        null,
        null,
        null,
        null,
        1,
        0,
        null,
        0,
        0,
        0,
        null,
        null,
        null,
        null,
        null,
        1,
        2,
        2,
        null,
        0,
        0,
        0,
        null,
        0,
        null,
        null,
        2,
        4,
        2,
        null,
        null,
        null,
        null,
        null,
        null,
        1,
        1,
        0,
        0,
        null,
        null,
        1,
        null,
        1,
        2,
        1,
        null,
        null,
        null,
        null,
        1,
        1,
        19,
        19,
        0,
        0,
        null,
        null,
        null,
        null
      ],
      "/home/toasty/Documents/programming/ruby/ruby_on_rails/villagecraft/app/models/event.rb": [
        1,
        1,
        1,
        null,
        1,
        1,
        1,
        1,
        null,
        1,
        null,
        1,
        null,
        1,
        1,
        1,
        1,
        1,
        1,
        1,
        null,
        1,
        1,
        null,
        1,
        1,
        1,
        null,
        1,
        1,
        null,
        1,
        1,
        null,
        1,
        null,
        1,
        73,
        null,
        null,
        1,
        62,
        null,
        null,
        1,
        53,
        null,
        null,
        1,
        10,
        null,
        null,
        1,
        null,
        1,
        11,
        11,
        null,
        11,
        11,
        null,
        null,
        1,
        11,
        8,
        8,
        null,
        null,
        null,
        1,
        11,
        3,
        null,
        null,
        null
      ],
      "/home/toasty/Documents/programming/ruby/ruby_on_rails/villagecraft/app/controllers/pages_controller.rb": [
        1,
        1,
        21,
        null,
        null,
        1,
        null,
        null
      ],
      "/home/toasty/Documents/programming/ruby/ruby_on_rails/villagecraft/app/controllers/users_controller.rb": [
        1,
        1,
        1,
        null,
        null,
        null,
        1,
        0,
        null,
        0,
        0,
        0,
        null,
        null,
        null,
        null,
        null,
        1,
        0,
        0,
        0,
        null,
        null,
        null,
        null,
        null,
        1,
        0,
        null,
        0,
        0,
        0,
        null,
        null,
        null,
        null,
        1,
        null,
        null,
        null,
        null,
        1,
        0,
        0,
        0,
        0,
        null,
        0,
        0,
        null,
        null,
        null,
        null,
        null,
        null,
        1,
        0,
        0,
        0,
        0,
        null,
        0,
        0,
        null,
        null,
        null,
        null,
        null,
        null,
        1,
        0,
        null,
        0,
        0,
        0,
        null,
        null,
        null,
        1,
        1,
        0,
        0,
        0,
        0,
        null,
        null,
        null,
        1,
        0,
        0,
        null,
        null,
        null,
        null
      ],
      "/home/toasty/Documents/programming/ruby/ruby_on_rails/villagecraft/app/inputs/date_select_input.rb": [
        1,
        1,
        10,
        10,
        null,
        null,
        10,
        null,
        null,
        null,
        null,
        null
      ],
      "/home/toasty/Documents/programming/ruby/ruby_on_rails/villagecraft/app/inputs/time_select_input.rb": [
        1,
        1,
        0,
        0,
        null,
        null,
        0,
        null,
        null,
        null,
        null,
        null
      ],
      "/home/toasty/Documents/programming/ruby/ruby_on_rails/villagecraft/app/inputs/timepicker_input.rb": [
        1,
        1,
        20,
        null,
        null,
        20,
        null,
        null,
        null,
        null,
        null
      ],
      "/home/toasty/Documents/programming/ruby/ruby_on_rails/villagecraft/app/models/course.rb": [
        1,
        1,
        null,
        1,
        1,
        null,
        1,
        1,
        null,
        1,
        null,
        1,
        1,
        8,
        null,
        null
      ],
      "/home/toasty/Documents/programming/ruby/ruby_on_rails/villagecraft/app/models/events_user.rb": [
        1,
        1,
        1,
        null
      ],
      "/home/toasty/Documents/programming/ruby/ruby_on_rails/villagecraft/app/models/location.rb": [
        1,
        1,
        1,
        null
      ],
      "/home/toasty/Documents/programming/ruby/ruby_on_rails/villagecraft/app/models/review.rb": [
        1,
        1,
        null,
        1,
        1,
        null
      ],
      "/home/toasty/Documents/programming/ruby/ruby_on_rails/villagecraft/app/models/vclass.rb": [
        1,
        1,
        null,
        1,
        1,
        1,
        null,
        1,
        1,
        null,
        null
      ]
    },
    "timestamp": 1371778135
  }
}
