{
  "RSpec": {
    "coverage": {
      "/Volumes/BoxCryptor/villagecraft/lib/has_uuid.rb": [
        null,
        null,
        null,
        null,
        null,
        null,
        null,
        null,
        null,
        null,
        null,
        null,
        null,
        null,
        null,
        null,
        null,
        null,
        null,
        null,
        null,
        null,
        1,
        1,
        1,
        1,
        1,
        null,
        null,
        1,
        1,
        null,
        null,
        null,
        null,
        3,
        null,
        3,
        null,
        null,
        null,
        null,
        3,
        null,
        null,
        null,
        null,
        null,
        0,
        null,
        null,
        null,
        1,
        2,
        2,
        null,
        null,
        1,
        0,
        null,
        null,
        null,
        null,
        1,
        1,
        0,
        null,
        null,
        1,
        2,
        2,
        null,
        null,
        null,
        null,
        null,
        null
      ],
      "/Volumes/BoxCryptor/villagecraft/app/models/user.rb": [
        1,
        null,
        null,
        null,
        1,
        null,
        null,
        null,
        1,
        1,
        1,
        null,
        1,
        1,
        1,
        1,
        1,
        null,
        null,
        null,
        1,
        1,
        null,
        1,
        null,
        1,
        null,
        1,
        1,
        1,
        1,
        null,
        1,
        0,
        null,
        null,
        null,
        1,
        0,
        null,
        null,
        null,
        1,
        0,
        null,
        null,
        1,
        6,
        null,
        null,
        1,
        6,
        null,
        null,
        1,
        0,
        0,
        null,
        null,
        null,
        1,
        0,
        0,
        null,
        null,
        1,
        0,
        null,
        null,
        1,
        0,
        null,
        null,
        1,
        1,
        2,
        null,
        null,
        null
      ],
      "/Volumes/BoxCryptor/villagecraft/app/controllers/application_controller.rb": [
        1,
        1,
        null,
        1,
        0,
        0,
        0,
        null,
        null,
        null,
        null
      ],
      "/Volumes/BoxCryptor/villagecraft/app/helpers/application_helper.rb": [
        1,
        null
      ],
      "/Volumes/BoxCryptor/villagecraft/app/helpers/events_helper.rb": [
        1,
        1,
        0,
        0,
        null,
        0,
        null,
        null,
        null
      ],
      "/Volumes/BoxCryptor/villagecraft/app/helpers/location_helper.rb": [
        1,
        1,
        0,
        null,
        null,
        1,
        0,
        null,
        null,
        1,
        0,
        null,
        null,
        null
      ],
      "/Volumes/BoxCryptor/villagecraft/app/helpers/pages_helper.rb": [
        1,
        null
      ],
      "/Volumes/BoxCryptor/villagecraft/app/helpers/scripts_helper.rb": [
        null,
        null,
        null,
        null,
        null,
        null,
        null,
        null,
        null,
        null,
        null,
        null,
        null,
        null,
        null,
        null,
        null,
        null,
        null,
        null,
        null,
        null,
        1,
        1,
        0,
        0,
        0,
        null,
        0,
        null,
        null,
        1,
        0,
        null,
        null,
        1,
        0,
        null,
        null
      ],
      "/Volumes/BoxCryptor/villagecraft/app/helpers/users_helper.rb": [
        1,
        1,
        0,
        0,
        null,
        null
      ],
      "/Volumes/BoxCryptor/villagecraft/app/helpers/venues_helper.rb": [
        1,
        1,
        null,
        1,
        0,
        0,
        0,
        null,
        null
      ],
      "/Volumes/BoxCryptor/villagecraft/app/controllers/events_controller.rb": [
        1,
        1,
        1,
        1,
        null,
        null,
        null,
        null,
        null,
        null,
        null,
        null,
        1,
        null,
        1,
        0,
        0,
        0,
        0,
        0,
        null,
        0,
        0,
        0,
        null,
        null,
        null,
        1,
        null,
        0,
        null,
        0,
        0,
        0,
        null,
        null,
        null,
        null,
        null,
        1,
        0,
        0,
        0,
        null,
        null,
        null,
        null,
        null,
        1,
        0,
        0,
        0,
        null,
        0,
        0,
        0,
        null,
        null,
        null,
        null,
        1,
        0,
        null,
        null,
        null,
        null,
        1,
        0,
        0,
        0,
        null,
        0,
        0,
        0,
        0,
        null,
        0,
        0,
        0,
        null,
        null,
        null,
        null,
        null,
        null,
        1,
        0,
        null,
        0,
        0,
        0,
        0,
        null,
        0,
        0,
        0,
        null,
        null,
        null,
        null,
        null,
        null,
        1,
        0,
        null,
        0,
        0,
        0,
        null,
        null,
        null,
        null,
        null,
        1,
        0,
        0,
        null,
        0,
        0,
        0,
        null,
        0,
        null,
        null,
        0,
        0,
        0,
        null,
        null,
        null,
        null,
        null,
        null,
        1,
        0,
        0,
        0,
        null,
        null,
        0,
        null,
        0,
        0,
        0,
        null,
        null,
        null,
        null,
        null,
        null,
        1,
        0,
        null,
        0,
        0,
        0,
        null,
        null,
        null,
        1,
        1,
        0,
        0,
        0,
        0,
        null,
        null,
        null,
        1,
        0,
        0,
        null,
        null,
        1,
        0,
        0,
        0,
        null,
        0,
        0,
        null,
        null
      ],
      "/Volumes/BoxCryptor/villagecraft/app/models/event.rb": [
        1,
        1,
        1,
        1,
        null,
        1,
        1,
        1,
        1,
        1,
        null,
        1,
        null,
        1,
        1,
        null,
        1,
        1,
        1,
        1,
        1,
        1,
        1,
        null,
        1,
        1,
        null,
        1,
        null,
        1,
        0,
        null,
        null,
        1,
        0,
        null,
        null,
        1,
        0,
        null,
        null,
        1,
        0,
        null,
        null,
        1,
        0,
        null,
        null,
        1,
        0,
        null,
        null,
        1,
        0,
        null,
        null,
        1,
        0,
        null,
        null,
        1,
        0,
        null,
        null,
        1,
        0,
        null,
        null,
        1,
        null,
        1,
        0,
        0,
        null,
        null,
        1,
        0,
        0,
        0,
        null,
        null,
        null
      ],
      "/Volumes/BoxCryptor/villagecraft/app/controllers/pages_controller.rb": [
        1,
        1,
        2,
        null,
        null,
        1,
        null,
        null
      ],
      "/Volumes/BoxCryptor/villagecraft/app/controllers/users_controller.rb": [
        1,
        1,
        1,
        null,
        null,
        null,
        1,
        0,
        null,
        0,
        0,
        0,
        null,
        null,
        null,
        null,
        null,
        1,
        0,
        0,
        0,
        null,
        null,
        null,
        null,
        null,
        1,
        0,
        null,
        0,
        0,
        0,
        null,
        null,
        null,
        null,
        1,
        null,
        null,
        null,
        null,
        1,
        0,
        0,
        0,
        0,
        null,
        0,
        0,
        null,
        null,
        null,
        null,
        null,
        null,
        1,
        0,
        0,
        0,
        0,
        null,
        0,
        0,
        null,
        null,
        null,
        null,
        null,
        null,
        1,
        0,
        null,
        0,
        0,
        0,
        null,
        null,
        null,
        1,
        1,
        0,
        0,
        0,
        0,
        null,
        null,
        null,
        1,
        0,
        0,
        null,
        null,
        null,
        null
      ],
      "/Volumes/BoxCryptor/villagecraft/app/controllers/venues_controller.rb": [
        1,
        1,
        1,
        null,
        null,
        null,
        1,
        0,
        null,
        0,
        0,
        0,
        null,
        null,
        null,
        null,
        null,
        1,
        0,
        0,
        0,
        null,
        null,
        null,
        null,
        null,
        1,
        0,
        null,
        0,
        0,
        0,
        null,
        null,
        null,
        null,
        1,
        null,
        null,
        null,
        null,
        1,
        0,
        0,
        null,
        0,
        0,
        0,
        0,
        0,
        null,
        0,
        0,
        0,
        null,
        null,
        null,
        null,
        null,
        null,
        1,
        0,
        0,
        0,
        0,
        null,
        0,
        0,
        null,
        null,
        null,
        null,
        null,
        null,
        1,
        0,
        null,
        0,
        0,
        0,
        null,
        null,
        null,
        1,
        1,
        0,
        0,
        0,
        0,
        null,
        null,
        null,
        1,
        0,
        0,
        null,
        null,
        null,
        null
      ],
      "/Volumes/BoxCryptor/villagecraft/app/models/venue.rb": [
        1,
        1,
        1,
        1,
        null,
        1,
        1,
        1,
        null,
        1,
        null,
        1,
        1,
        null,
        1,
        1,
        1,
        null,
        1,
        1,
        null,
        1,
        0,
        null,
        null,
        1,
        0,
        null,
        null,
        1,
        0,
        null,
        null,
        1,
        1,
        0,
        null,
        null,
        null
      ],
      "/Volumes/BoxCryptor/villagecraft/app/inputs/date_select_input.rb": [
        1,
        1,
        0,
        0,
        null,
        null,
        0,
        null,
        null,
        null,
        null,
        null
      ],
      "/Volumes/BoxCryptor/villagecraft/app/inputs/time_select_input.rb": [
        1,
        1,
        0,
        null,
        null,
        0,
        null,
        null,
        null,
        null,
        null
      ],
      "/Volumes/BoxCryptor/villagecraft/app/models/course.rb": [
        1,
        1,
        null,
        1,
        1,
        null,
        1,
        1,
        null,
        1,
        null,
        1,
        1,
        0,
        null,
        null
      ],
      "/Volumes/BoxCryptor/villagecraft/app/models/events_user.rb": [
        1,
        1,
        null,
        1,
        1,
        null,
        1,
        1,
        null,
        null
      ],
      "/Volumes/BoxCryptor/villagecraft/app/models/location.rb": [
        1,
        1,
        1,
        null,
        1,
        1,
        0,
        0,
        0,
        0,
        0,
        0,
        0,
        null,
        null,
        1,
        1,
        null,
        1,
        0,
        null,
        null,
        1,
        1,
        null,
        null,
        1,
        null,
        3,
        null,
        null,
        null,
        null,
        null,
        null,
        null,
        null,
        null,
        null,
        null,
        null,
        null,
        null,
        null,
        null,
        null,
        null,
        null,
        null,
        null,
        null,
        null,
        null,
        null,
        null,
        null,
        null,
        null,
        null,
        null,
        null,
        null,
        null,
        null,
        null,
        null,
        null,
        null,
        null,
        null,
        null,
        null,
        null,
        null,
        null,
        null,
        null,
        null,
        null,
        null,
        null,
        null,
        null,
        1,
        null,
        1,
        null,
        1,
        2,
        null,
        null,
        1,
        2,
        0,
        0,
        null,
        null,
        null,
        null
      ],
      "/Volumes/BoxCryptor/villagecraft/app/models/review.rb": [
        1,
        1,
        null,
        1,
        1,
        null
      ],
      "/Volumes/BoxCryptor/villagecraft/app/models/vclass.rb": [
        1,
        1,
        null,
        1,
        1,
        1,
        null,
        1,
        1,
        null,
        null
      ]
    },
    "timestamp": 1373295323
  }
}
